<?xml version="1.0" encoding="UTF-8"?>
<testng-results skipped="0" failed="0" total="2" passed="2">
  <reporter-output>
  </reporter-output>
  <suite name="Suite" duration-ms="44284" started-at="2020-07-22T10:02:24Z" finished-at="2020-07-22T10:03:08Z">
    <groups>
      <group name="cucumber">
        <method signature="TestRunner.feature(cucumber.api.testng.CucumberFeatureWrapper)[pri:0, instance:com.cucumberFramework.testRunner.TestRunner@3568ea59]" name="feature" class="com.cucumberFramework.testRunner.TestRunner"/>
      </group> <!-- cucumber -->
    </groups>
    <test name="Test" duration-ms="44284" started-at="2020-07-22T10:02:24Z" finished-at="2020-07-22T10:03:08Z">
      <class name="com.cucumberFramework.testRunner.TestRunner">
        <test-method status="PASS" signature="setUpClass()[pri:0, instance:com.cucumberFramework.testRunner.TestRunner@3568ea59]" name="setUpClass" is-config="true" duration-ms="788" started-at="2020-07-22T15:32:24Z" finished-at="2020-07-22T15:32:25Z">
          <reporter-output>
          </reporter-output>
        </test-method> <!-- setUpClass -->
        <test-method status="PASS" signature="feature(cucumber.api.testng.CucumberFeatureWrapper)[pri:0, instance:com.cucumberFramework.testRunner.TestRunner@3568ea59]" name="feature" duration-ms="24647" started-at="2020-07-22T15:32:25Z" description="Runs cucmber Features" data-provider="features" finished-at="2020-07-22T15:32:50Z">
          <params>
            <param index="0">
              <value>
                <![CDATA[As a Stackover user I shouldnot able to login with In-valid credentials and error message should display]]>
              </value>
            </param>
          </params>
          <reporter-output>
          </reporter-output>
        </test-method> <!-- feature -->
        <test-method status="PASS" signature="feature(cucumber.api.testng.CucumberFeatureWrapper)[pri:0, instance:com.cucumberFramework.testRunner.TestRunner@3568ea59]" name="feature" duration-ms="18453" started-at="2020-07-22T15:32:50Z" description="Runs cucmber Features" data-provider="features" finished-at="2020-07-22T15:33:08Z">
          <params>
            <param index="0">
              <value>
                <![CDATA[As a Stackover user I should be able to login and logout with valid credentials]]>
              </value>
            </param>
          </params>
          <reporter-output>
          </reporter-output>
        </test-method> <!-- feature -->
        <test-method status="PASS" signature="testDownClass()[pri:0, instance:com.cucumberFramework.testRunner.TestRunner@3568ea59]" name="testDownClass" is-config="true" duration-ms="3" started-at="2020-07-22T15:33:08Z" finished-at="2020-07-22T15:33:08Z">
          <reporter-output>
          </reporter-output>
        </test-method> <!-- testDownClass -->
      </class> <!-- com.cucumberFramework.testRunner.TestRunner -->
    </test> <!-- Test -->
  </suite> <!-- Suite -->
</testng-results>
