<?xml version="1.0" encoding="UTF-8"?>
<testng-results skipped="0" failed="0" total="2" passed="2">
  <reporter-output>
  </reporter-output>
  <suite name="Command line suite" duration-ms="29545" started-at="2020-07-17T10:49:23Z" finished-at="2020-07-17T10:49:53Z">
    <groups>
      <group name="cucumber">
        <method signature="TestRunner.feature(cucumber.api.testng.CucumberFeatureWrapper)[pri:0, instance:com.cucumberFramework.testRunner.TestRunner@3bd94634]" name="feature" class="com.cucumberFramework.testRunner.TestRunner"/>
      </group> <!-- cucumber -->
    </groups>
    <test name="Command line test" duration-ms="29545" started-at="2020-07-17T10:49:23Z" finished-at="2020-07-17T10:49:53Z">
      <class name="com.cucumberFramework.testRunner.TestRunner">
        <test-method status="PASS" signature="setUpClass()[pri:0, instance:com.cucumberFramework.testRunner.TestRunner@3bd94634]" name="setUpClass" is-config="true" duration-ms="270" started-at="2020-07-17T16:19:23Z" finished-at="2020-07-17T16:19:24Z">
          <reporter-output>
          </reporter-output>
        </test-method> <!-- setUpClass -->
        <test-method status="PASS" signature="feature(cucumber.api.testng.CucumberFeatureWrapper)[pri:0, instance:com.cucumberFramework.testRunner.TestRunner@3bd94634]" name="feature" duration-ms="13199" started-at="2020-07-17T16:19:25Z" description="Runs cucmber Features" data-provider="features" finished-at="2020-07-17T16:19:38Z">
          <params>
            <param index="0">
              <value>
                <![CDATA[As a Stackover user I shouldnot able to login with In-valid credentials and error message should display]]>
              </value>
            </param>
          </params>
          <reporter-output>
          </reporter-output>
        </test-method> <!-- feature -->
        <test-method status="PASS" signature="feature(cucumber.api.testng.CucumberFeatureWrapper)[pri:0, instance:com.cucumberFramework.testRunner.TestRunner@3bd94634]" name="feature" duration-ms="15045" started-at="2020-07-17T16:19:38Z" description="Runs cucmber Features" data-provider="features" finished-at="2020-07-17T16:19:53Z">
          <params>
            <param index="0">
              <value>
                <![CDATA[As a Stackover user I should be able to login and logout with valid credentials]]>
              </value>
            </param>
          </params>
          <reporter-output>
          </reporter-output>
        </test-method> <!-- feature -->
        <test-method status="PASS" signature="testDownClass()[pri:0, instance:com.cucumberFramework.testRunner.TestRunner@3bd94634]" name="testDownClass" is-config="true" duration-ms="15" started-at="2020-07-17T16:19:53Z" finished-at="2020-07-17T16:19:53Z">
          <reporter-output>
          </reporter-output>
        </test-method> <!-- testDownClass -->
      </class> <!-- com.cucumberFramework.testRunner.TestRunner -->
    </test> <!-- Command line test -->
  </suite> <!-- Command line suite -->
</testng-results>
